#
# There is insufficient memory for the Java Runtime Environment to continue.
# Native memory allocation (malloc) failed to allocate 18446744073709551112 bytes for Chunk::new
# Possible reasons:
#   The system is out of physical RAM or swap space
#   The process is running with CompressedOops enabled, and the Java Heap may be blocking the growth of the native heap
# Possible solutions:
#   Reduce memory load on the system
#   Increase physical memory or swap space
#   Check if swap backing store is full
#   Decrease Java heap size (-Xmx/-Xms)
#   Decrease number of Java threads
#   Decrease Java thread stack sizes (-Xss)
#   Set larger code cache with -XX:ReservedCodeCacheSize=
#   JVM is running with Unscaled Compressed Oops mode in which the Java heap is
#     placed in the first 4GB address space. The Java Heap base address is the
#     maximum limit for the native heap growth. Please use -XX:HeapBaseMinAddress
#     to set the Java Heap base and to place the Java Heap above 4GB virtual address.
# This output file may be truncated or incomplete.
#
#  Out of Memory Error (arena.cpp:184), pid=36656, tid=37112
#
# JRE version: Java(TM) SE Runtime Environment (20.0.1+9) (build 20.0.1+9-29)
# Java VM: Java HotSpot(TM) 64-Bit Server VM (20.0.1+9-29, mixed mode, sharing, tiered, compressed oops, compressed class ptrs, g1 gc, windows-amd64)
# No core dump will be written. Minidumps are not enabled by default on client versions of Windows
#

---------------  S U M M A R Y ------------

Command Line: -Xmx64m -Xms64m -Dorg.gradle.appname=gradlew org.gradle.wrapper.GradleWrapperMain app:installDebug -PreactNativeDevServerPort=8081

Host: Intel(R) Core(TM) i9-9900K CPU @ 3.60GHz, 16 cores, 31G,  Windows 10 , 64 bit Build 19041 (10.0.19041.2788)
Time: Wed May  3 01:23:51 2023 Pacific Daylight Time elapsed time: 0.314061 seconds (0d 0h 0m 0s)

---------------  T H R E A D  ---------------

Current thread (0x0000017b4b6c6b20):  JavaThread "main" [_thread_in_Java, id=37112, stack(0x0000002e39200000,0x0000002e39300000)]

Stack: [0x0000002e39200000,0x0000002e39300000]
Native frames: (J=compiled Java code, j=interpreted, Vv=VM code, C=native code)
V  [jvm.dll+0x6bb95a]
V  [jvm.dll+0x8485fa]
V  [jvm.dll+0x84a1f5]
V  [jvm.dll+0x84a8f3]
V  [jvm.dll+0x280b0f]
V  [jvm.dll+0xc2b11]
V  [jvm.dll+0xc2e35]
V  [jvm.dll+0x1575db]
V  [jvm.dll+0x71cb90]
V  [jvm.dll+0x84154f]
V  [jvm.dll+0x83fd35]
V  [jvm.dll+0x83fa96]
V  [jvm.dll+0x28dd5d]
V  [jvm.dll+0x28f3ce]
V  [jvm.dll+0x29247c]
C  0x0000017b5ac39caa

Java frames: (J=compiled Java code, j=interpreted, Vv=VM code)
v  ~UncommonTrapBlob 0x0000017b5ac39caa
J 459 c2 java.util.regex.Matcher.match(II)Z java.base@20.0.1 (154 bytes) @ 0x0000017b5b341d38 [0x0000017b5b341960+0x00000000000003d8]
J 247 c1 java.util.regex.Matcher.matches()Z java.base@20.0.1 (10 bytes) @ 0x0000017b537db8ac [0x0000017b537db820+0x000000000000008c]
j  org.gradle.cli.CommandLineParser.option([Ljava/lang/String;)Lorg/gradle/cli/CommandLineOption;+96
j  org.gradle.cli.AbstractPropertiesCommandLineConverter.configure(Lorg/gradle/cli/CommandLineParser;)V+19
j  org.gradle.launcher.cli.converter.InitialPropertiesConverter.configure(Lorg/gradle/cli/CommandLineParser;)V+5
j  org.gradle.launcher.cli.DefaultCommandLineActionFactory$WithLogging.execute(Lorg/gradle/launcher/bootstrap/ExecutionListener;)V+84
j  org.gradle.launcher.Main.doAction([Ljava/lang/String;Lorg/gradle/launcher/bootstrap/ExecutionListener;)V+14
j  org.gradle.launcher.bootstrap.EntryPoint.run([Ljava/lang/String;)V+12
j  java.lang.invoke.DirectMethodHandle$Holder.invokeVirtual(Ljava/lang/Object;Ljava/lang/Object;Ljava/lang/Object;)V+11 java.base@20.0.1
j  java.lang.invoke.LambdaForm$MH+0x0000000801012800.invoke(Ljava/lang/Object;Ljava/lang/Object;Ljava/lang/Object;)Ljava/lang/Object;+52 java.base@20.0.1
j  java.lang.invoke.Invokers$Holder.invokeExact_MT(Ljava/lang/Object;Ljava/lang/Object;Ljava/lang/Object;Ljava/lang/Object;)Ljava/lang/Object;+20 java.base@20.0.1
j  jdk.internal.reflect.DirectMethodHandleAccessor.invokeImpl(Ljava/lang/Object;[Ljava/lang/Object;)Ljava/lang/Object;+55 java.base@20.0.1
j  jdk.internal.reflect.DirectMethodHandleAccessor.invoke(Ljava/lang/Object;[Ljava/lang/Object;)Ljava/lang/Object;+23 java.base@20.0.1
j  java.lang.reflect.Method.invoke(Ljava/lang/Object;[Ljava/lang/Object;)Ljava/lang/Object;+102 java.base@20.0.1
j  org.gradle.launcher.bootstrap.ProcessBootstrap.runNoExit(Ljava/lang/String;[Ljava/lang/String;)V+159
j  org.gradle.launcher.bootstrap.ProcessBootstrap.run(Ljava/lang/String;[Ljava/lang/String;)V+2
j  java.lang.invoke.LambdaForm$DMH+0x0000000801008400.invokeStatic(Ljava/lang/Object;Ljava/lang/Object;Ljava/lang/Object;)V+11 java.base@20.0.1
j  java.lang.invoke.LambdaForm$MH+0x0000000801009c00.invoke(Ljava/lang/Object;Ljava/lang/Object;Ljava/lang/Object;Ljava/lang/Object;)Ljava/lang/Object;+54 java.base@20.0.1
j  java.lang.invoke.LambdaForm$MH+0x000000080100a000.invokeExact_MT(Ljava/lang/Object;Ljava/lang/Object;Ljava/lang/Object;Ljava/lang/Object;Ljava/lang/Object;)Ljava/lang/Object;+22 java.base@20.0.1
j  jdk.internal.reflect.DirectMethodHandleAccessor.invokeImpl(Ljava/lang/Object;[Ljava/lang/Object;)Ljava/lang/Object;+72 java.base@20.0.1
j  jdk.internal.reflect.DirectMethodHandleAccessor.invoke(Ljava/lang/Object;[Ljava/lang/Object;)Ljava/lang/Object;+23 java.base@20.0.1
j  java.lang.reflect.Method.invoke(Ljava/lang/Object;[Ljava/lang/Object;)Ljava/lang/Object;+102 java.base@20.0.1
j  org.gradle.launcher.GradleMain.main([Ljava/lang/String;)V+100
j  java.lang.invoke.LambdaForm$DMH+0x0000000801004400.invokeStatic(Ljava/lang/Object;Ljava/lang/Object;)V+10 java.base@20.0.1
j  java.lang.invoke.LambdaForm$MH+0x0000000801008000.invoke(Ljava/lang/Object;Ljava/lang/Object;Ljava/lang/Object;)Ljava/lang/Object;+33 java.base@20.0.1
j  java.lang.invoke.Invokers$Holder.invokeExact_MT(Ljava/lang/Object;Ljava/lang/Object;Ljava/lang/Object;Ljava/lang/Object;)Ljava/lang/Object;+20 java.base@20.0.1
j  jdk.internal.reflect.DirectMethodHandleAccessor.invokeImpl(Ljava/lang/Object;[Ljava/lang/Object;)Ljava/lang/Object;+55 java.base@20.0.1
j  jdk.internal.reflect.DirectMethodHandleAccessor.invoke(Ljava/lang/Object;[Ljava/lang/Object;)Ljava/lang/Object;+23 java.base@20.0.1
j  java.lang.reflect.Method.invoke(Ljava/lang/Object;[Ljava/lang/Object;)Ljava/lang/Object;+102 java.base@20.0.1
j  org.gradle.wrapper.BootstrapMainStarter.start([Ljava/lang/String;Ljava/io/File;)V+105
j  org.gradle.wrapper.WrapperExecutor.execute([Ljava/lang/String;Lorg/gradle/wrapper/Install;Lorg/gradle/wrapper/BootstrapMainStarter;)V+14
j  org.gradle.wrapper.GradleWrapperMain.main([Ljava/lang/String;)V+190
v  ~StubRoutines::call_stub 0x0000017b5abd100d
--------------------------------------------------------------------------------
Decoding CodeBlob, name: UncommonTrapBlob, at  [0x0000017b5ac39c80, 0x0000017b5ac39d88]  264 bytes
[MachCode]
  0x0000017b5ac39c80: 4883 ec28 | 4889 6c24 | 208b d2c5 | f877 4989 | a7c0 0200 | 0049 8bcf | 41b8 0200 | 0000 48b8 
  0x0000017b5ac39ca0: 5024 dd0e | fb7f 0000 | ffd0 49c7 | 87c0 0200 | 0000 0000 | 0049 c787 | c802 0000 | 0000 0000 
  0x0000017b5ac39cc0: c5f8 7748 | 8bf8 4883 | c428 8b0f | 4803 e148 | 8b6f 3048 | 8b4f 1848 | 83c4 0848 | 8b77 108b 
  0x0000017b5ac39ce0: 5708 4c8b | c48b 5f04 | 482b e348 | 8b1e 4883 | eb10 48ff | 3155 488b | ec48 2be3 | 4c89 45f8 
  0x0000017b5ac39d00: 48c7 45f0 | 0000 0000 | 4c8b c448 | 83c6 0848 | 83c1 08ff | ca75 d448 | ff31 5548 | 8bec 4883 
  0x0000017b5ac39d20: ec20 c5f8 | 7749 89af | d002 0000 | 49ba 229d | c35a 7b01 | 0000 4d89 | 97c8 0200 | 0049 89a7 
  0x0000017b5ac39d40: c002 0000 | 4883 e4f0 | 498b cfba | 0200 0000 | 48b8 7037 | dd0e fb7f | 0000 ffd0 | 49c7 87c0 
  0x0000017b5ac39d60: 0200 0000 | 0000 0049 | c787 d002 | 0000 0000 | 0000 49c7 | 87c8 0200 | 0000 0000 | 00c5 f877 
  0x0000017b5ac39d80: c9c3 f4f4 | f4f4 f4f4 
[/MachCode]
--------------------------------------------------------------------------------


Compiled method (c2)     330  459       4       java.util.regex.Matcher::match (154 bytes)
 total in heap  [0x0000017b5b341790,0x0000017b5b3422f8] = 2920
 relocation     [0x0000017b5b3418d8,0x0000017b5b341948] = 112
 main code      [0x0000017b5b341960,0x0000017b5b341e88] = 1320
 stub code      [0x0000017b5b341e88,0x0000017b5b341ed0] = 72
 oops           [0x0000017b5b341ed0,0x0000017b5b341ed8] = 8
 metadata       [0x0000017b5b341ed8,0x0000017b5b341f20] = 72
 scopes data    [0x0000017b5b341f20,0x0000017b5b342100] = 480
 scopes pcs     [0x0000017b5b342100,0x0000017b5b342260] = 352
 dependencies   [0x0000017b5b342260,0x0000017b5b342268] = 8
 handler table  [0x0000017b5b342268,0x0000017b5b3422b0] = 72
 nul chk table  [0x0000017b5b3422b0,0x0000017b5b3422f8] = 72

[Constant Pool (empty)]

[MachCode]
[Entry Point]
  # {method} {0x00000008000d5898} 'match' '(II)Z' in 'java/util/regex/Matcher'
  # this:     rdx:rdx   = 'java/util/regex/Matcher'
  # parm0:    r8        = int
  # parm1:    r9        = int
  #           [sp+0x70]  (sp of caller)
  0x0000017b5b341960: 448b 5208 | 49bb 0000 | 0000 0800 | 0000 4d03 | d349 3bc2 

  0x0000017b5b341974: ;   {runtime_call ic_miss_stub}
  0x0000017b5b341974: 0f85 8624 | 8fff 6690 | 0f1f 4000 
[Verified Entry Point]
  0x0000017b5b341980: 8984 2400 | 80ff ff55 | 4883 ec60 | 4181 7f20 | 0100 0000 | 0f85 e304 | 0000 4889 | 5424 4044 
  0x0000017b5b3419a0: 8862 3144 | 8862 3045 | 8bf0 4585 | c00f 8cd2 | 0300 0044 | 8942 1c8b | 6a24 85ed | 0f1f 4000 
  0x0000017b5b3419c0: 0f8d da03 | 0000 4489 | 4224 448b | 5238 418b | 720c 85f6 | 0f86 6302 | 0000 448d | 5eff 6690 
  0x0000017b5b3419e0: 443b de0f | 8373 0300 | 0045 8bc2 | 41c1 e802 | 4183 e003 | 41bb ffff | ffff 452b | d841 83e3 
  0x0000017b5b341a00: 0341 ffc3 | 443b de44 | 0f4f de45 | 33c0 33c9 | 43c7 4482 | 10ff ffff | ff41 8d78 | 0166 6690 
  0x0000017b5b341a20: 413b fb7d | 0544 8bc7 | ebe6 448d | 5efd 413b | fb0f 8d41 | 0300 0041 | ffc0 bba0 | 0f00 00c5 
  0x0000017b5b341a40: f976 c08b | d641 2bd0 | 83c2 fd45 | 3bd8 0f4c | d181 faa0 | 0f00 000f | 47d3 4103 | d066 6690 
  0x0000017b5b341a60: c481 7a7f | 4482 1041 | 83c0 0444 | 3bc2 7cf0 | 498b 8780 

  0x0000017b5b341a74: ; ImmutableOopMap {r10=NarrowOop [64]=Oop }
                      
[error occurred during error reporting (printing code blobs if possible), id 0xc0000005, EXCEPTION_ACCESS_VIOLATION (0xc0000005) at pc=0x00007ffb0f1d5158]

---------------  P R O C E S S  ---------------

Threads class SMR info:
_java_thread_list=0x0000017b6a5a80e0, length=14, elements={
0x0000017b4b6c6b20, 0x0000017b66051c50, 0x0000017b66054a60, 0x0000017b66056870,
0x0000017b660583c0, 0x0000017b6605af90, 0x0000017b6605b8d0, 0x0000017b66064560,
0x0000017b660703f0, 0x0000017b6a461380, 0x0000017b6a538720, 0x0000017b6a546200,
0x0000017b6a462f50, 0x0000017b6a464000
}

Java Threads: ( => current thread )
=>0x0000017b4b6c6b20 JavaThread "main" [_thread_in_Java, id=37112, stack(0x0000002e39200000,0x0000002e39300000)]
  0x0000017b66051c50 JavaThread "Reference Handler" daemon [_thread_blocked, id=23504, stack(0x0000002e39900000,0x0000002e39a00000)]
  0x0000017b66054a60 JavaThread "Finalizer" daemon [_thread_blocked, id=1164, stack(0x0000002e39a00000,0x0000002e39b00000)]
  0x0000017b66056870 JavaThread "Signal Dispatcher" daemon [_thread_blocked, id=41560, stack(0x0000002e39b00000,0x0000002e39c00000)]
  0x0000017b660583c0 JavaThread "Attach Listener" daemon [_thread_blocked, id=23900, stack(0x0000002e39c00000,0x0000002e39d00000)]
  0x0000017b6605af90 JavaThread "Service Thread" daemon [_thread_blocked, id=27068, stack(0x0000002e39d00000,0x0000002e39e00000)]
  0x0000017b6605b8d0 JavaThread "Monitor Deflation Thread" daemon [_thread_blocked, id=21232, stack(0x0000002e39e00000,0x0000002e39f00000)]
  0x0000017b66064560 JavaThread "C2 CompilerThread0" daemon [_thread_blocked, id=41972, stack(0x0000002e39f00000,0x0000002e3a000000)]
  0x0000017b660703f0 JavaThread "C1 CompilerThread0" daemon [_thread_blocked, id=41884, stack(0x0000002e3a000000,0x0000002e3a100000)]
  0x0000017b6a461380 JavaThread "C1 CompilerThread1" daemon [_thread_blocked, id=6124, stack(0x0000002e3a100000,0x0000002e3a200000)]
  0x0000017b6a538720 JavaThread "Notification Thread" daemon [_thread_blocked, id=12464, stack(0x0000002e3a200000,0x0000002e3a300000)]
  0x0000017b6a546200 JavaThread "Common-Cleaner" daemon [_thread_blocked, id=19880, stack(0x0000002e3a400000,0x0000002e3a500000)]
  0x0000017b6a462f50 JavaThread "C2 CompilerThread1" daemon [_thread_blocked, id=38332, stack(0x0000002e3a500000,0x0000002e3a600000)]
  0x0000017b6a464000 JavaThread "C1 CompilerThread2" daemon [_thread_blocked, id=37568, stack(0x0000002e3a600000,0x0000002e3a700000)]

Other Threads:
  0x0000017b66036100 VMThread "VM Thread" [stack: 0x0000002e39800000,0x0000002e39900000] [id=42808]
  0x0000017b6a53cc80 WatcherThread "VM Periodic Task Thread" [stack: 0x0000002e3a300000,0x0000002e3a400000] [id=21472]
  0x0000017b4b6ec120 WorkerThread "GC Thread#0" [stack: 0x0000002e39300000,0x0000002e39400000] [id=42768]
  0x0000017b4b6ed830 ConcurrentGCThread "G1 Main Marker" [stack: 0x0000002e39400000,0x0000002e39500000] [id=32680]
  0x0000017b4b6ee260 WorkerThread "G1 Conc#0" [stack: 0x0000002e39500000,0x0000002e39600000] [id=27144]
  0x0000017b65ef30b0 ConcurrentGCThread "G1 Refine#0" [stack: 0x0000002e39600000,0x0000002e39700000] [id=22624]
  0x0000017b65ef3960 ConcurrentGCThread "G1 Service" [stack: 0x0000002e39700000,0x0000002e39800000] [id=42964]

Threads with active compile tasks:

VM state: not at safepoint (normal execution)

VM Mutex/Monitor currently owned by a thread: None

Heap address: 0x00000000fc000000, size: 64 MB, Compressed Oops mode: 32-bit

CDS archive(s) mapped at: [0x0000000800000000-0x0000000800c60000-0x0000000800c60000), size 12976128, SharedBaseAddress: 0x0000000800000000, ArchiveRelocationMode: 0.
Compressed class space mapped at: 0x0000000801000000-0x0000000841000000, reserved size: 1073741824
Narrow klass base: 0x0000000800000000, Narrow klass shift: 0, Narrow klass range: 0x100000000

GC Precious Log:
 CardTable entry size: 512
 Card Set container configuration: InlinePtr #cards 5 size 8 Array Of Cards #cards 12 size 40 Howl #buckets 4 coarsen threshold 1843 Howl Bitmap #cards 512 size 80 coarsen threshold 460 Card regions per heap region 1 cards per card region 2048
 CPUs: 16 total, 16 available
 Memory: 32686M
 Large Page Support: Disabled
 NUMA Support: Disabled
 Compressed Oops: Enabled (32-bit)
 Heap Region Size: 1M
 Heap Min Capacity: 64M
 Heap Initial Capacity: 64M
 Heap Max Capacity: 64M
 Pre-touch: Disabled
 Parallel Workers: 13
 Concurrent Workers: 3
 Concurrent Refinement Workers: 13
 Periodic GC: Disabled

Heap:
 garbage-first heap   total 65536K, used 26624K [0x00000000fc000000, 0x0000000100000000)
  region size 1024K, 22 young (22528K), 0 survivors (0K)
 Metaspace       used 3177K, committed 3456K, reserved 1114112K
  class space    used 380K, committed 512K, reserved 1048576K

Heap Regions: E=young(eden), S=young(survivor), O=old, HS=humongous(starts), HC=humongous(continues), CS=collection set, F=free, OA=open archive, CA=closed archive, TAMS=top-at-mark-start, PB=parsable bottom
|   0|0x00000000fc000000, 0x00000000fc100000, 0x00000000fc100000|100%|HS|  |TAMS 0x00000000fc000000| PB 0x00000000fc000000| Complete 
|   1|0x00000000fc100000, 0x00000000fc200000, 0x00000000fc200000|100%|HC|  |TAMS 0x00000000fc100000| PB 0x00000000fc100000| Complete 
|   2|0x00000000fc200000, 0x00000000fc300000, 0x00000000fc300000|100%|HC|  |TAMS 0x00000000fc200000| PB 0x00000000fc200000| Complete 
|   3|0x00000000fc300000, 0x00000000fc400000, 0x00000000fc400000|100%|HS|  |TAMS 0x00000000fc300000| PB 0x00000000fc300000| Complete 
|   4|0x00000000fc400000, 0x00000000fc500000, 0x00000000fc500000|100%|HC|  |TAMS 0x00000000fc400000| PB 0x00000000fc400000| Complete 
|   5|0x00000000fc500000, 0x00000000fc600000, 0x00000000fc600000|100%|HC|  |TAMS 0x00000000fc500000| PB 0x00000000fc500000| Complete 
|   6|0x00000000fc600000, 0x00000000fc600000, 0x00000000fc700000|  0%| F|  |TAMS 0x00000000fc600000| PB 0x00000000fc600000| Untracked 
|   7|0x00000000fc700000, 0x00000000fc700000, 0x00000000fc800000|  0%| F|  |TAMS 0x00000000fc700000| PB 0x00000000fc700000| Untracked 
|   8|0x00000000fc800000, 0x00000000fc800000, 0x00000000fc900000|  0%| F|  |TAMS 0x00000000fc800000| PB 0x00000000fc800000| Untracked 
|   9|0x00000000fc900000, 0x00000000fc900000, 0x00000000fca00000|  0%| F|  |TAMS 0x00000000fc900000| PB 0x00000000fc900000| Untracked 
|  10|0x00000000fca00000, 0x00000000fca00000, 0x00000000fcb00000|  0%| F|  |TAMS 0x00000000fca00000| PB 0x00000000fca00000| Untracked 
|  11|0x00000000fcb00000, 0x00000000fcb00000, 0x00000000fcc00000|  0%| F|  |TAMS 0x00000000fcb00000| PB 0x00000000fcb00000| Untracked 
|  12|0x00000000fcc00000, 0x00000000fcc00000, 0x00000000fcd00000|  0%| F|  |TAMS 0x00000000fcc00000| PB 0x00000000fcc00000| Untracked 
|  13|0x00000000fcd00000, 0x00000000fcd00000, 0x00000000fce00000|  0%| F|  |TAMS 0x00000000fcd00000| PB 0x00000000fcd00000| Untracked 
|  14|0x00000000fce00000, 0x00000000fce00000, 0x00000000fcf00000|  0%| F|  |TAMS 0x00000000fce00000| PB 0x00000000fce00000| Untracked 
|  15|0x00000000fcf00000, 0x00000000fcf00000, 0x00000000fd000000|  0%| F|  |TAMS 0x00000000fcf00000| PB 0x00000000fcf00000| Untracked 
|  16|0x00000000fd000000, 0x00000000fd000000, 0x00000000fd100000|  0%| F|  |TAMS 0x00000000fd000000| PB 0x00000000fd000000| Untracked 
|  17|0x00000000fd100000, 0x00000000fd100000, 0x00000000fd200000|  0%| F|  |TAMS 0x00000000fd100000| PB 0x00000000fd100000| Untracked 
|  18|0x00000000fd200000, 0x00000000fd200000, 0x00000000fd300000|  0%| F|  |TAMS 0x00000000fd200000| PB 0x00000000fd200000| Untracked 
|  19|0x00000000fd300000, 0x00000000fd300000, 0x00000000fd400000|  0%| F|  |TAMS 0x00000000fd300000| PB 0x00000000fd300000| Untracked 
|  20|0x00000000fd400000, 0x00000000fd400000, 0x00000000fd500000|  0%| F|  |TAMS 0x00000000fd400000| PB 0x00000000fd400000| Untracked 
|  21|0x00000000fd500000, 0x00000000fd500000, 0x00000000fd600000|  0%| F|  |TAMS 0x00000000fd500000| PB 0x00000000fd500000| Untracked 
|  22|0x00000000fd600000, 0x00000000fd600000, 0x00000000fd700000|  0%| F|  |TAMS 0x00000000fd600000| PB 0x00000000fd600000| Untracked 
|  23|0x00000000fd700000, 0x00000000fd700000, 0x00000000fd800000|  0%| F|  |TAMS 0x00000000fd700000| PB 0x00000000fd700000| Untracked 
|  24|0x00000000fd800000, 0x00000000fd800000, 0x00000000fd900000|  0%| F|  |TAMS 0x00000000fd800000| PB 0x00000000fd800000| Untracked 
|  25|0x00000000fd900000, 0x00000000fd900000, 0x00000000fda00000|  0%| F|  |TAMS 0x00000000fd900000| PB 0x00000000fd900000| Untracked 
|  26|0x00000000fda00000, 0x00000000fda00000, 0x00000000fdb00000|  0%| F|  |TAMS 0x00000000fda00000| PB 0x00000000fda00000| Untracked 
|  27|0x00000000fdb00000, 0x00000000fdb00000, 0x00000000fdc00000|  0%| F|  |TAMS 0x00000000fdb00000| PB 0x00000000fdb00000| Untracked 
|  28|0x00000000fdc00000, 0x00000000fdc00000, 0x00000000fdd00000|  0%| F|  |TAMS 0x00000000fdc00000| PB 0x00000000fdc00000| Untracked 
|  29|0x00000000fdd00000, 0x00000000fdd00000, 0x00000000fde00000|  0%| F|  |TAMS 0x00000000fdd00000| PB 0x00000000fdd00000| Untracked 
|  30|0x00000000fde00000, 0x00000000fde00000, 0x00000000fdf00000|  0%| F|  |TAMS 0x00000000fde00000| PB 0x00000000fde00000| Untracked 
|  31|0x00000000fdf00000, 0x00000000fdf00000, 0x00000000fe000000|  0%| F|  |TAMS 0x00000000fdf00000| PB 0x00000000fdf00000| Untracked 
|  32|0x00000000fe000000, 0x00000000fe000000, 0x00000000fe100000|  0%| F|  |TAMS 0x00000000fe000000| PB 0x00000000fe000000| Untracked 
|  33|0x00000000fe100000, 0x00000000fe100000, 0x00000000fe200000|  0%| F|  |TAMS 0x00000000fe100000| PB 0x00000000fe100000| Untracked 
|  34|0x00000000fe200000, 0x00000000fe200000, 0x00000000fe300000|  0%| F|  |TAMS 0x00000000fe200000| PB 0x00000000fe200000| Untracked 
|  35|0x00000000fe300000, 0x00000000fe300000, 0x00000000fe400000|  0%| F|  |TAMS 0x00000000fe300000| PB 0x00000000fe300000| Untracked 
|  36|0x00000000fe400000, 0x00000000fe400000, 0x00000000fe500000|  0%| F|  |TAMS 0x00000000fe400000| PB 0x00000000fe400000| Untracked 
|  37|0x00000000fe500000, 0x00000000fe500000, 0x00000000fe600000|  0%| F|  |TAMS 0x00000000fe500000| PB 0x00000000fe500000| Untracked 
|  38|0x00000000fe600000, 0x00000000fe600000, 0x00000000fe700000|  0%| F|  |TAMS 0x00000000fe600000| PB 0x00000000fe600000| Untracked 
|  39|0x00000000fe700000, 0x00000000fe700000, 0x00000000fe800000|  0%| F|  |TAMS 0x00000000fe700000| PB 0x00000000fe700000| Untracked 
|  40|0x00000000fe800000, 0x00000000fe800000, 0x00000000fe900000|  0%| F|  |TAMS 0x00000000fe800000| PB 0x00000000fe800000| Untracked 
|  41|0x00000000fe900000, 0x00000000fe900000, 0x00000000fea00000|  0%| F|  |TAMS 0x00000000fe900000| PB 0x00000000fe900000| Untracked 
|  42|0x00000000fea00000, 0x00000000fea76488, 0x00000000feb00000| 46%| E|  |TAMS 0x00000000fea00000| PB 0x00000000fea00000| Complete 
|  43|0x00000000feb00000, 0x00000000fec00000, 0x00000000fec00000|100%| E|CS|TAMS 0x00000000feb00000| PB 0x00000000feb00000| Complete 
|  44|0x00000000fec00000, 0x00000000fed00000, 0x00000000fed00000|100%| E|CS|TAMS 0x00000000fec00000| PB 0x00000000fec00000| Complete 
|  45|0x00000000fed00000, 0x00000000fee00000, 0x00000000fee00000|100%| E|CS|TAMS 0x00000000fed00000| PB 0x00000000fed00000| Complete 
|  46|0x00000000fee00000, 0x00000000fef00000, 0x00000000fef00000|100%| E|CS|TAMS 0x00000000fee00000| PB 0x00000000fee00000| Complete 
|  47|0x00000000fef00000, 0x00000000ff000000, 0x00000000ff000000|100%| E|CS|TAMS 0x00000000fef00000| PB 0x00000000fef00000| Complete 
|  48|0x00000000ff000000, 0x00000000ff100000, 0x00000000ff100000|100%| E|  |TAMS 0x00000000ff000000| PB 0x00000000ff000000| Complete 
|  49|0x00000000ff100000, 0x00000000ff200000, 0x00000000ff200000|100%| E|CS|TAMS 0x00000000ff100000| PB 0x00000000ff100000| Complete 
|  50|0x00000000ff200000, 0x00000000ff300000, 0x00000000ff300000|100%| E|CS|TAMS 0x00000000ff200000| PB 0x00000000ff200000| Complete 
|  51|0x00000000ff300000, 0x00000000ff400000, 0x00000000ff400000|100%| E|CS|TAMS 0x00000000ff300000| PB 0x00000000ff300000| Complete 
|  52|0x00000000ff400000, 0x00000000ff500000, 0x00000000ff500000|100%| E|CS|TAMS 0x00000000ff400000| PB 0x00000000ff400000| Complete 
|  53|0x00000000ff500000, 0x00000000ff600000, 0x00000000ff600000|100%| E|CS|TAMS 0x00000000ff500000| PB 0x00000000ff500000| Complete 
|  54|0x00000000ff600000, 0x00000000ff700000, 0x00000000ff700000|100%| E|CS|TAMS 0x00000000ff600000| PB 0x00000000ff600000| Complete 
|  55|0x00000000ff700000, 0x00000000ff800000, 0x00000000ff800000|100%| E|CS|TAMS 0x00000000ff700000| PB 0x00000000ff700000| Complete 
|  56|0x00000000ff800000, 0x00000000ff900000, 0x00000000ff900000|100%| E|CS|TAMS 0x00000000ff800000| PB 0x00000000ff800000| Complete 
|  57|0x00000000ff900000, 0x00000000ffa00000, 0x00000000ffa00000|100%| E|CS|TAMS 0x00000000ff900000| PB 0x00000000ff900000| Complete 
|  58|0x00000000ffa00000, 0x00000000ffb00000, 0x00000000ffb00000|100%| E|CS|TAMS 0x00000000ffa00000| PB 0x00000000ffa00000| Complete 
|  59|0x00000000ffb00000, 0x00000000ffc00000, 0x00000000ffc00000|100%| E|CS|TAMS 0x00000000ffb00000| PB 0x00000000ffb00000| Complete 
|  60|0x00000000ffc00000, 0x00000000ffd00000, 0x00000000ffd00000|100%| E|CS|TAMS 0x00000000ffc00000| PB 0x00000000ffc00000| Complete 
|  61|0x00000000ffd00000, 0x00000000ffe00000, 0x00000000ffe00000|100%| E|CS|TAMS 0x00000000ffd00000| PB 0x00000000ffd00000| Complete 
|  62|0x00000000ffe00000, 0x00000000fff00000, 0x00000000fff00000|100%| E|CS|TAMS 0x00000000ffe00000| PB 0x00000000ffe00000| Complete 
|  63|0x00000000fff00000, 0x0000000100000000, 0x0000000100000000|100%| E|CS|TAMS 0x00000000fff00000| PB 0x00000000fff00000| Complete 

Card table byte_map: [0x0000017b4b610000,0x0000017b4b630000] _byte_map_base: 0x0000017b4ae30000

Marking Bits: (CMBitMap*) 0x0000017b4b6ec750
 Bits: [0x0000017b63010000, 0x0000017b63110000)

Polling page: 0x0000017b4ae90000

Metaspace:

Usage:
  Non-class:      2.73 MB used.
      Class:    380.15 KB used.
       Both:      3.10 MB used.

Virtual space:
  Non-class space:       64.00 MB reserved,       2.88 MB (  4%) committed,  1 nodes.
      Class space:        1.00 GB reserved,     512.00 KB ( <1%) committed,  1 nodes.
             Both:        1.06 GB reserved,       3.38 MB ( <1%) committed. 

Chunk freelists:
   Non-Class:  2.91 MB
       Class:  3.48 MB
        Both:  6.39 MB

MaxMetaspaceSize: unlimited
CompressedClassSpaceSize: 1.00 GB
Initial GC threshold: 21.00 MB
Current GC threshold: 21.00 MB
CDS: on
MetaspaceReclaimPolicy: balanced
 - commit_granule_bytes: 65536.
 - commit_granule_words: 8192.
 - virtual_space_node_default_size: 8388608.
 - enlarge_chunks_in_place: 1.
 - new_chunks_are_fully_committed: 0.
 - uncommit_free_chunks: 1.
 - use_allocation_guard: 0.


Internal statistics:

num_allocs_failed_limit: 0.
num_arena_births: 50.
num_arena_deaths: 0.
num_vsnodes_births: 2.
num_vsnodes_deaths: 0.
num_space_committed: 54.
num_space_uncommitted: 0.
num_chunks_returned_to_freelist: 0.
num_chunks_taken_from_freelist: 132.
num_chunk_merges: 0.
num_chunk_splits: 77.
num_chunks_enlarged: 57.
num_inconsistent_stats: 0.

CodeHeap 'non-profiled nmethods': size=119168Kb used=290Kb max_used=290Kb free=118877Kb
 bounds [0x0000017b5b320000, 0x0000017b5b590000, 0x0000017b62780000]
CodeHeap 'profiled nmethods': size=119104Kb used=1562Kb max_used=1562Kb free=117541Kb
 bounds [0x0000017b53780000, 0x0000017b539f0000, 0x0000017b5abd0000]
CodeHeap 'non-nmethods': size=7488Kb used=2498Kb max_used=2536Kb free=4989Kb
 bounds [0x0000017b5abd0000, 0x0000017b5ae50000, 0x0000017b5b320000]
 total_blobs=1275 nmethods=852 adapters=332
 compilation: enabled
              stopped_count=0, restarted_count=0
 full_count=0

Compilation events (20 events):
Event: 0.295 Thread 0x0000017b66064560  838   !   4       jdk.internal.loader.URLClassPath$JarLoader::ensureOpen (36 bytes)
Event: 0.295 Thread 0x0000017b6a464000  844   !   3       java.util.zip.ZipFile$CleanableResource::getInflater (47 bytes)
Event: 0.295 Thread 0x0000017b6a464000 nmethod 844 0x0000017b538ffc10 code [0x0000017b538ffde0, 0x0000017b539002f0]
Event: 0.296 Thread 0x0000017b6a461380  845   !   3       java.util.zip.ZipFile$CleanableResource::releaseInflater (53 bytes)
Event: 0.296 Thread 0x0000017b6a461380 nmethod 845 0x0000017b53900490 code [0x0000017b53900660, 0x0000017b53900a90]
Event: 0.296 Thread 0x0000017b6a462f50 nmethod 837 0x0000017b5b362a10 code [0x0000017b5b362c20, 0x0000017b5b3636f8]
Event: 0.297 Thread 0x0000017b66064560 nmethod 838 0x0000017b5b363c10 code [0x0000017b5b363dc0, 0x0000017b5b363ff8]
Event: 0.298 Thread 0x0000017b6a461380  846   !   3       java.net.URLClassLoader::defineClass (224 bytes)
Event: 0.298 Thread 0x0000017b660703f0  847       3       java.lang.ClassLoader::definePackage (85 bytes)
Event: 0.298 Thread 0x0000017b6a464000  848       3       java.lang.ClassLoader::compareCerts (197 bytes)
Event: 0.299 Thread 0x0000017b6a464000 nmethod 848 0x0000017b53900c90 code [0x0000017b53900ea0, 0x0000017b53901750]
Event: 0.299 Thread 0x0000017b660703f0 nmethod 847 0x0000017b53901a10 code [0x0000017b53901cc0, 0x0000017b53902b60]
Event: 0.299 Thread 0x0000017b6a461380 nmethod 846 0x0000017b53903010 code [0x0000017b539034c0, 0x0000017b53905558]
Event: 0.302 Thread 0x0000017b6a464000  849       3       sun.net.www.ParseUtil::encodePath (41 bytes)
Event: 0.302 Thread 0x0000017b6a464000 nmethod 849 0x0000017b53906510 code [0x0000017b539066c0, 0x0000017b53906920]
Event: 0.305 Thread 0x0000017b66064560  850  s!   4       jdk.internal.loader.URLClassPath::getLoader (194 bytes)
Event: 0.305 Thread 0x0000017b6a462f50  851   !   4       java.util.zip.ZipFile$Source::getEntryPos (195 bytes)
Event: 0.312 Thread 0x0000017b6a462f50 nmethod 851 0x0000017b5b364310 code [0x0000017b5b364500, 0x0000017b5b364e20]
Event: 0.312 Thread 0x0000017b6a462f50  852   !   4       java.util.zip.ZipFile::getEntry (59 bytes)
Event: 0.312 Thread 0x0000017b66064560 nmethod 850 0x0000017b5b365710 code [0x0000017b5b365940, 0x0000017b5b366800]

GC Heap History (0 events):
No events

Dll operation events (7 events):
Event: 0.003 Loaded shared library C:\Program Files\Java\jdk-20\bin\java.dll
Event: 0.008 Loaded shared library C:\Program Files\Java\jdk-20\bin\jsvml.dll
Event: 0.029 Loaded shared library C:\Program Files\Java\jdk-20\bin\net.dll
Event: 0.030 Loaded shared library C:\Program Files\Java\jdk-20\bin\nio.dll
Event: 0.032 Loaded shared library C:\Program Files\Java\jdk-20\bin\zip.dll
Event: 0.187 Loaded shared library C:\Program Files\Java\jdk-20\bin\jimage.dll
Event: 0.220 Loaded shared library C:\Program Files\Java\jdk-20\bin\verify.dll

Deoptimization events (20 events):
Event: 0.197 Thread 0x0000017b4b6c6b20 Uncommon trap: reason=unstable_if action=reinterpret pc=0x0000017b5b34c968 method=java.util.zip.ZipFile$Source.checkAndAddEntry(II)I @ 50 c2
Event: 0.197 Thread 0x0000017b4b6c6b20 DEOPT PACKING pc=0x0000017b5b34c968 sp=0x0000002e392fdd40
Event: 0.197 Thread 0x0000017b4b6c6b20 DEOPT UNPACKING pc=0x0000017b5ac39d22 sp=0x0000002e392fdcc0 mode 2
Event: 0.201 Thread 0x0000017b4b6c6b20 DEOPT PACKING pc=0x0000017b537c41c8 sp=0x0000002e392fa210
Event: 0.201 Thread 0x0000017b4b6c6b20 DEOPT UNPACKING pc=0x0000017b5ac3a4c2 sp=0x0000002e392f96d0 mode 0
Event: 0.222 Thread 0x0000017b4b6c6b20 Uncommon trap: trap_request=0xffffff45 fr.pc=0x0000017b5b340d78 relative=0x00000000000004b8
Event: 0.222 Thread 0x0000017b4b6c6b20 Uncommon trap: reason=unstable_if action=reinterpret pc=0x0000017b5b340d78 method=java.lang.StringLatin1.toLowerCase(Ljava/lang/String;[BLjava/util/Locale;)Ljava/lang/String; @ 43 c2
Event: 0.222 Thread 0x0000017b4b6c6b20 DEOPT PACKING pc=0x0000017b5b340d78 sp=0x0000002e392fd620
Event: 0.222 Thread 0x0000017b4b6c6b20 DEOPT UNPACKING pc=0x0000017b5ac39d22 sp=0x0000002e392fd590 mode 2
Event: 0.230 Thread 0x0000017b4b6c6b20 DEOPT PACKING pc=0x0000017b538a645a sp=0x0000002e392fc810
Event: 0.230 Thread 0x0000017b4b6c6b20 DEOPT UNPACKING pc=0x0000017b5ac3a4c2 sp=0x0000002e392fbcd0 mode 0
Event: 0.240 Thread 0x0000017b4b6c6b20 DEOPT PACKING pc=0x0000017b538a645a sp=0x0000002e392fc810
Event: 0.240 Thread 0x0000017b4b6c6b20 DEOPT UNPACKING pc=0x0000017b5ac3a4c2 sp=0x0000002e392fbcd0 mode 0
Event: 0.313 Thread 0x0000017b4b6c6b20 Uncommon trap: trap_request=0xffffff45 fr.pc=0x0000017b5b3415a4 relative=0x00000000000001a4
Event: 0.313 Thread 0x0000017b4b6c6b20 Uncommon trap: reason=unstable_if action=reinterpret pc=0x0000017b5b3415a4 method=java.util.regex.Matcher.reset()Ljava/util/regex/Matcher; @ 47 c2
Event: 0.313 Thread 0x0000017b4b6c6b20 DEOPT PACKING pc=0x0000017b5b3415a4 sp=0x0000002e392fe5a0
Event: 0.313 Thread 0x0000017b4b6c6b20 DEOPT UNPACKING pc=0x0000017b5ac39d22 sp=0x0000002e392fe528 mode 2
Event: 0.313 Thread 0x0000017b4b6c6b20 Uncommon trap: trap_request=0xffffffde fr.pc=0x0000017b5b341d38 relative=0x00000000000003d8
Event: 0.313 Thread 0x0000017b4b6c6b20 Uncommon trap: reason=class_check action=maybe_recompile pc=0x0000017b5b341d38 method=java.util.regex.Matcher.match(II)Z @ 121 c2
Event: 0.313 Thread 0x0000017b4b6c6b20 DEOPT PACKING pc=0x0000017b5b341d38 sp=0x0000002e392fe5f0

Classes loaded (20 events):
Event: 0.268 Loading class java/lang/reflect/InvocationTargetException
Event: 0.268 Loading class java/lang/reflect/InvocationTargetException done
Event: 0.271 Loading class java/util/LinkedList
Event: 0.271 Loading class java/util/AbstractSequentialList
Event: 0.271 Loading class java/util/AbstractSequentialList done
Event: 0.271 Loading class java/util/LinkedList done
Event: 0.272 Loading class java/util/LinkedList$Node
Event: 0.272 Loading class java/util/LinkedList$Node done
Event: 0.272 Loading class java/util/LinkedList$ListItr
Event: 0.272 Loading class java/util/LinkedList$ListItr done
Event: 0.273 Loading class java/util/concurrent/ConcurrentLinkedQueue
Event: 0.273 Loading class java/util/concurrent/ConcurrentLinkedQueue done
Event: 0.273 Loading class java/util/concurrent/ConcurrentLinkedQueue$Node
Event: 0.273 Loading class java/util/concurrent/ConcurrentLinkedQueue$Node done
Event: 0.274 Loading class java/lang/reflect/ParameterizedType
Event: 0.274 Loading class java/lang/reflect/ParameterizedType done
Event: 0.276 Loading class sun/nio/cs/UTF_8$Encoder
Event: 0.276 Loading class sun/nio/cs/UTF_8$Encoder done
Event: 0.302 Loading class java/lang/NumberFormatException
Event: 0.302 Loading class java/lang/NumberFormatException done

Classes unloaded (0 events):
No events

Classes redefined (0 events):
No events

Internal exceptions (5 events):
Event: 0.077 Thread 0x0000017b4b6c6b20 Exception <a 'java/lang/NoSuchMethodError'{0x00000000ffc38e80}: 'void java.lang.invoke.DirectMethodHandle$Holder.invokeStatic(java.lang.Object, java.lang.Object)'> (0x00000000ffc38e80) 
thrown [s\open\src\hotspot\share\interpreter\linkResolver.cpp, line 773]
Event: 0.078 Thread 0x0000017b4b6c6b20 Exception <a 'java/lang/NoSuchMethodError'{0x00000000ffc3ca00}: 'void java.lang.invoke.DirectMethodHandle$Holder.invokeSpecial(java.lang.Object, java.lang.Object, java.lang.Object)'> (0x00000000ffc3ca00) 
thrown [s\open\src\hotspot\share\interpreter\linkResolver.cpp, line 773]
Event: 0.084 Thread 0x0000017b4b6c6b20 Exception <a 'java/lang/NoSuchMethodError'{0x00000000ffccba50}: 'void java.lang.invoke.DirectMethodHandle$Holder.invokeStatic(java.lang.Object, java.lang.Object, java.lang.Object)'> (0x00000000ffccba50) 
thrown [s\open\src\hotspot\share\interpreter\linkResolver.cpp, line 773]
Event: 0.085 Thread 0x0000017b4b6c6b20 Exception <a 'java/lang/NoSuchMethodError'{0x00000000ffcde140}: 'java.lang.Object java.lang.invoke.Invokers$Holder.invokeExact_MT(java.lang.Object, java.lang.Object, java.lang.Object, java.lang.Object, java.lang.Object)'> (0x00000000ffcde140) 
thrown [s\open\src\hotspot\share\interpreter\linkResolver.cpp, line 773]
Event: 0.089 Thread 0x0000017b4b6c6b20 Exception <a 'java/lang/NoSuchMethodError'{0x00000000ffb0b888}: 'int java.lang.invoke.DirectMethodHandle$Holder.invokeStaticInit(java.lang.Object, java.lang.Object)'> (0x00000000ffb0b888) 
thrown [s\open\src\hotspot\share\interpreter\linkResolver.cpp, line 773]

VM Operations (4 events):
Event: 0.033 Executing VM operation: HandshakeAllThreads
Event: 0.033 Executing VM operation: HandshakeAllThreads done
Event: 0.271 Executing VM operation: HandshakeAllThreads
Event: 0.271 Executing VM operation: HandshakeAllThreads done

Events (14 events):
Event: 0.008 Thread 0x0000017b4b6c6b20 Thread added: 0x0000017b4b6c6b20
Event: 0.016 Thread 0x0000017b66051c50 Thread added: 0x0000017b66051c50
Event: 0.016 Thread 0x0000017b66054a60 Thread added: 0x0000017b66054a60
Event: 0.016 Thread 0x0000017b66056870 Thread added: 0x0000017b66056870
Event: 0.016 Thread 0x0000017b660583c0 Thread added: 0x0000017b660583c0
Event: 0.016 Thread 0x0000017b6605af90 Thread added: 0x0000017b6605af90
Event: 0.016 Thread 0x0000017b6605b8d0 Thread added: 0x0000017b6605b8d0
Event: 0.016 Thread 0x0000017b66064560 Thread added: 0x0000017b66064560
Event: 0.016 Thread 0x0000017b660703f0 Thread added: 0x0000017b660703f0
Event: 0.019 Thread 0x0000017b6a461380 Thread added: 0x0000017b6a461380
Event: 0.025 Thread 0x0000017b6a538720 Thread added: 0x0000017b6a538720
Event: 0.027 Thread 0x0000017b6a546200 Thread added: 0x0000017b6a546200
Event: 0.059 Thread 0x0000017b6a462f50 Thread added: 0x0000017b6a462f50
Event: 0.075 Thread 0x0000017b6a464000 Thread added: 0x0000017b6a464000


Dynamic libraries:
0x00007ff6fb9a0000 - 0x00007ff6fb9b0000 	C:\Program Files\Java\jdk-20\bin\java.exe
0x00007ffba13b0000 - 0x00007ffba15a8000 	C:\WINDOWS\SYSTEM32\ntdll.dll
0x00007ffba05b0000 - 0x00007ffba066f000 	C:\WINDOWS\System32\KERNEL32.DLL
0x00007ffb9ec90000 - 0x00007ffb9ef6a000 	C:\WINDOWS\System32\KERNELBASE.dll
0x00007ffb9f1b0000 - 0x00007ffb9f2b0000 	C:\WINDOWS\System32\ucrtbase.dll
0x00007ffb10ab0000 - 0x00007ffb10ac9000 	C:\Program Files\Java\jdk-20\bin\jli.dll
0x00007ffb10a90000 - 0x00007ffb10aab000 	C:\Program Files\Java\jdk-20\bin\VCRUNTIME140.dll
0x00007ffb9fe90000 - 0x00007ffb9ff3e000 	C:\WINDOWS\System32\ADVAPI32.dll
0x00007ffb9fd80000 - 0x00007ffb9fe1e000 	C:\WINDOWS\System32\msvcrt.dll
0x00007ffba12d0000 - 0x00007ffba136c000 	C:\WINDOWS\System32\sechost.dll
0x00007ffb9f410000 - 0x00007ffb9f536000 	C:\WINDOWS\System32\RPCRT4.dll
0x00007ffb9f540000 - 0x00007ffb9f6dd000 	C:\WINDOWS\System32\USER32.dll
0x00007ffb8e360000 - 0x00007ffb8e5fa000 	C:\WINDOWS\WinSxS\amd64_microsoft.windows.common-controls_6595b64144ccf1df_6.0.19041.1110_none_60b5254171f9507e\COMCTL32.dll
0x00007ffb9ec60000 - 0x00007ffb9ec82000 	C:\WINDOWS\System32\win32u.dll
0x00007ffba0670000 - 0x00007ffba069b000 	C:\WINDOWS\System32\GDI32.dll
0x00007ffb9f0a0000 - 0x00007ffb9f1b0000 	C:\WINDOWS\System32\gdi32full.dll
0x00007ffb9ebc0000 - 0x00007ffb9ec5d000 	C:\WINDOWS\System32\msvcp_win.dll
0x00007ffb97e30000 - 0x00007ffb97e3a000 	C:\WINDOWS\SYSTEM32\VERSION.dll
0x00007ffb9f930000 - 0x00007ffb9f960000 	C:\WINDOWS\System32\IMM32.DLL
0x00007ffb77220000 - 0x00007ffb7722c000 	C:\Program Files\Java\jdk-20\bin\vcruntime140_1.dll
0x00007ffb10530000 - 0x00007ffb105be000 	C:\Program Files\Java\jdk-20\bin\msvcp140.dll
0x00007ffb0eb40000 - 0x00007ffb0f7d7000 	C:\Program Files\Java\jdk-20\bin\server\jvm.dll
0x00007ffb94750000 - 0x00007ffb94777000 	C:\WINDOWS\SYSTEM32\WINMM.dll
0x00007ffb875a0000 - 0x00007ffb875a9000 	C:\WINDOWS\SYSTEM32\WSOCK32.dll
0x00007ffb9fe20000 - 0x00007ffb9fe8b000 	C:\WINDOWS\System32\WS2_32.dll
0x00007ffb9c960000 - 0x00007ffb9c972000 	C:\WINDOWS\SYSTEM32\kernel.appcore.dll
0x00007ffb764b0000 - 0x00007ffb764ba000 	C:\Program Files\Java\jdk-20\bin\jimage.dll
0x00007ffb95360000 - 0x00007ffb95544000 	C:\WINDOWS\SYSTEM32\DBGHELP.DLL
0x00007ffb87750000 - 0x00007ffb87784000 	C:\WINDOWS\SYSTEM32\dbgcore.DLL
0x00007ffb9eb30000 - 0x00007ffb9ebb2000 	C:\WINDOWS\System32\bcryptPrimitives.dll
0x00007ffb0e550000 - 0x00007ffb0e576000 	C:\Program Files\Java\jdk-20\bin\java.dll
0x00007ffb0e470000 - 0x00007ffb0e547000 	C:\Program Files\Java\jdk-20\bin\jsvml.dll
0x00007ffba06a0000 - 0x00007ffba0de4000 	C:\WINDOWS\System32\SHELL32.dll
0x00007ffb9cb60000 - 0x00007ffb9d2f3000 	C:\WINDOWS\SYSTEM32\windows.storage.dll
0x00007ffb9ffc0000 - 0x00007ffba0314000 	C:\WINDOWS\System32\combase.dll
0x00007ffb9e360000 - 0x00007ffb9e38e000 	C:\WINDOWS\SYSTEM32\Wldp.dll
0x00007ffb9f960000 - 0x00007ffb9fa0d000 	C:\WINDOWS\System32\SHCORE.dll
0x00007ffb9f8d0000 - 0x00007ffb9f925000 	C:\WINDOWS\System32\shlwapi.dll
0x00007ffb9ea00000 - 0x00007ffb9ea1f000 	C:\WINDOWS\SYSTEM32\profapi.dll
0x00007ffb104e0000 - 0x00007ffb104f3000 	C:\Program Files\Java\jdk-20\bin\net.dll
0x00007ffb973d0000 - 0x00007ffb974da000 	C:\WINDOWS\SYSTEM32\WINHTTP.dll
0x00007ffb9e140000 - 0x00007ffb9e1aa000 	C:\WINDOWS\system32\mswsock.dll
0x00007ffb0e450000 - 0x00007ffb0e466000 	C:\Program Files\Java\jdk-20\bin\nio.dll
0x00007ffb0e430000 - 0x00007ffb0e448000 	C:\Program Files\Java\jdk-20\bin\zip.dll
0x00007ffb87e90000 - 0x00007ffb87ea0000 	C:\Program Files\Java\jdk-20\bin\verify.dll

dbghelp: loaded successfully - version: 4.0.5 - missing functions: none
symbol engine: initialized successfully - sym options: 0x614 - pdb path: .;C:\Program Files\Java\jdk-20\bin;C:\WINDOWS\SYSTEM32;C:\WINDOWS\WinSxS\amd64_microsoft.windows.common-controls_6595b64144ccf1df_6.0.19041.1110_none_60b5254171f9507e;C:\Program Files\Java\jdk-20\bin\server

VM Arguments:
jvm_args: -Xmx64m -Xms64m -Dorg.gradle.appname=gradlew 
java_command: org.gradle.wrapper.GradleWrapperMain app:installDebug -PreactNativeDevServerPort=8081
java_class_path (initial): C:\Users\rebek\Documents\Stuff I want to Keep\Coding\Tread_Mobile\android\\gradle\wrapper\gradle-wrapper.jar
Launcher Type: SUN_STANDARD

[Global flags]
     intx CICompilerCount                          = 12                                        {product} {ergonomic}
     uint ConcGCThreads                            = 3                                         {product} {ergonomic}
     uint G1ConcRefinementThreads                  = 13                                        {product} {ergonomic}
   size_t G1HeapRegionSize                         = 1048576                                   {product} {ergonomic}
    uintx GCDrainStackTargetSize                   = 64                                        {product} {ergonomic}
   size_t InitialHeapSize                          = 67108864                                  {product} {command line}
   size_t MarkStackSize                            = 4194304                                   {product} {ergonomic}
   size_t MaxHeapSize                              = 67108864                                  {product} {command line}
   size_t MaxNewSize                               = 39845888                                  {product} {ergonomic}
   size_t MinHeapDeltaBytes                        = 1048576                                   {product} {ergonomic}
   size_t MinHeapSize                              = 67108864                                  {product} {command line}
    uintx NonNMethodCodeHeapSize                   = 7602480                                {pd product} {ergonomic}
    uintx NonProfiledCodeHeapSize                  = 122027880                              {pd product} {ergonomic}
    uintx ProfiledCodeHeapSize                     = 122027880                              {pd product} {ergonomic}
    uintx ReservedCodeCacheSize                    = 251658240                              {pd product} {ergonomic}
     bool SegmentedCodeCache                       = true                                      {product} {ergonomic}
   size_t SoftMaxHeapSize                          = 67108864                               {manageable} {ergonomic}
     bool UseCompressedClassPointers               = true                           {product lp64_product} {ergonomic}
     bool UseCompressedOops                        = true                           {product lp64_product} {ergonomic}
     bool UseG1GC                                  = true                                      {product} {ergonomic}
     bool UseLargePagesIndividualAllocation        = false                                  {pd product} {ergonomic}

Logging:
Log output configuration:
 #0: stdout all=warning uptime,level,tags foldmultilines=false
 #1: stderr all=off uptime,level,tags foldmultilines=false

Environment Variables:
JAVA_HOME=C:\Program Files\Java\jdk-20
CLASSPATH=C:\Users\rebek\Documents\Stuff I want to Keep\Coding\Tread_Mobile\android\\gradle\wrapper\gradle-wrapper.jar
PATH=C:\Users\rebek\Documents\Stuff I want to Keep\Coding\Tread_Mobile\android\node_modules\.bin;C:\Users\rebek\Documents\Stuff I want to Keep\Coding\Tread_Mobile\node_modules\.bin;C:\Users\rebek\Documents\Stuff I want to Keep\Coding\node_modules\.bin;C:\Users\rebek\Documents\Stuff I want to Keep\node_modules\.bin;C:\Users\rebek\Documents\node_modules\.bin;C:\Users\rebek\node_modules\.bin;C:\Users\node_modules\.bin;C:\node_modules\.bin;C:\Program Files\nodejs;C:\Users\rebek\Documents\Stuff I want to Keep\Coding\Tread_Mobile\node_modules\.bin;C:\Users\rebek\Documents\Stuff I want to Keep\Coding\Tread_Mobile\node_modules\.bin;C:\Users\rebek\Documents\Stuff I want to Keep\Coding\node_modules\.bin;C:\Users\rebek\Documents\Stuff I want to Keep\node_modules\.bin;C:\Users\rebek\Documents\node_modules\.bin;C:\Users\rebek\node_modules\.bin;C:\Users\node_modules\.bin;C:\node_modules\.bin;C:\Users\rebek\AppData\Roaming\npm\node_modules\npm\node_modules\@npmcli\run-script\lib\node-gyp-bin;C:\Users\rebek\Documents\Stuff I want to Keep\Coding\Tread_Mobile\node_modules\.bin;C:\Users\rebek\Documents\Stuff I want to Keep\Coding\node_modules\.bin;C:\Users\rebek\Documents\Stuff I want to Keep\node_modules\.bin;C:\Users\rebek\Documents\node_modules\.bin;C:\Users\rebek\node_modules\.bin;C:\Users\node_modules\.bin;C:\node_modules\.bin;C:\Program Files\nodejs;C:\Users\rebek\Documents\Stuff I want to Keep\Coding\Tread_Mobile\node_modules\.bin;C:\Users\rebek\Documents\Stuff I want to Keep\Coding\node_modules\.bin;C:\Users\rebek\Documents\Stuff I want to Keep\node_modules\.bin;C:\Users\rebek\Documents\node_modules\.bin;C:\Users\rebek\node_modules\.bin;C:\Users\node_modules\.bin;C:\node_modules\.bin;C:\Users\rebek\AppData\Roaming\npm\node_modules\npm\node_modules\@npmcli\run-script\lib\node-gyp-bin;C:\Python311\Scripts\;C:\Python311\;C:\Program Files\Microsoft\jdk-11.0.12.7-hotspot\bin;C:\Program Files\Zulu\zulu-18\bin\;C:\Program Files\Common Files\Oracle\Java\javapath;C:\Program Files\NVIDIA GPU Computing Toolkit\CUDA\v9.0\bin;C:\Program Files\NVIDIA GPU Computing Toolkit\CUDA\v9.0\libnvvp;C:\Windows\system32;C:\Windows;C:\Windows\System32\Wbem;C:\Windows\System32\WindowsPowerShell\v1.0\;C:\Windows\System32\OpenSSH\;C:\Program Files\Intel\WiFi\bin\;C:\Program Files\Common Files\Intel\WirelessCommon\;C:\Program Files\NVIDIA Corporation\NVIDIA NvDLISR;C:\Program Files (x86)\NVIDIA Corporation\PhysX\Common;C:\WINDOWS\system32;C:\WINDOWS;C:\WINDOWS\System32\Wbem;C:\WINDOWS\System32\WindowsPowerShell\v1.0\;C:\WINDOWS\System32\OpenSSH\;C:\cygwin64\bin;C:\MinGW\mingw32\bin;C:\MinGW\bin;C:\Program Files (x86)\Pulse Secure\VC142.CRT\X64\;C:\Program Files (x86)\Pulse Secure\VC142.CRT\X86\;r:\Users\rebek\AppData\Roaming\nvm;C:\Program Files\nodejs;C:\Program Files\MATLAB\R2021b\bin;C:\Program Files\Microsoft SQL Server\150\Tools\Binn\;C:\Program Files\Microsoft SQL Server\Client SDK\ODBC\170\Tools\Binn\;C:\Program Files\dotnet\;C:\Program Files\nodejs\;C:\ProgramData\chocolatey\bin;C:\Program Files\Git\cmd;C:\Users\rebek\AppData\Local\Android\Sdk\platform-tools;C:\Program Files\Java\jdk-20\bin;C:\Users\rebek\AppData\Local\Programs\Python\Python39\Scripts\;C:\Users\rebek\AppData\Local\Programs\Python\Python39\;C:\Users\rebek\AppData\Local\Programs\Python\Python38\Scripts\;C:\Users\rebek\AppData\Local\Programs\Python\Python38\;C:\Users\rebek\miniconda3;C:\Users\rebek\miniconda3\Library\mingw-w64\bin;C:\Users\rebek\miniconda3\Library\usr\bin;C:\Users\rebek\miniconda3\Library\bin;C:\Users\rebek\miniconda3\Scripts;C:\Users\rebek\AppData\Local\Programs\Python\Python37\Scripts\;C:\Users\rebek\AppData\Local\Programs\Python\Python37\;C:\Users\rebek\AppData\Local\Microsoft\WindowsApps;C:\Program Files\Intel\WiFi\bin\;C:\Program Files\Common Files\Intel\WirelessCommon\;C:\FFmpeg\bin\;C:\Users\rebek\AppData\Local\Programs\Python\Python36\Scripts;C:\Users\rebek\AppData\Local\Programs\Microsoft VS Code\bin;C:\Users\rebek\AppData\Local\Programs\Python\Python36;C:\Program Files\NVIDIA GPU Computing Toolkit\CUDA\v9.0\bin;C:\Program Files\NVIDIA GPU Computing Toolkit\CUDA\v9.0;C:\src\flutter\flutter\bin;C:\Users\rebek\.dotnet\tools;C:\Users\rebek\AppData\Roaming\npm;C:\Users\rebek\AppData\Local\Android\Sdk\platform-tools;
USERNAME=rebek
LANG=en_US.UTF-8
OS=Windows_NT
PROCESSOR_IDENTIFIER=Intel64 Family 6 Model 158 Stepping 13, GenuineIntel
TMP=C:\Users\rebek\AppData\Local\Temp
TEMP=C:\Users\rebek\AppData\Local\Temp




---------------  S Y S T E M  ---------------

OS:
 Windows 10 , 64 bit Build 19041 (10.0.19041.2788)
OS uptime: 0 days 5:41 hours
Hyper-V role detected

CPU: total 16 (initial active 16) (8 cores per cpu, 2 threads per core) family 6 model 158 stepping 13 microcode 0xb8, cx8, cmov, fxsr, ht, mmx, 3dnowpref, sse, sse2, sse3, ssse3, sse4.1, sse4.2, popcnt, lzcnt, tsc, tscinvbit, avx, avx2, aes, erms, clmul, bmi1, bmi2, rtm, adx, fma, vzeroupper, clflush, clflushopt, hv, rdtscp, f16c

Memory: 4k page, system-wide physical 32686M (8356M free)
TotalPageFile size 39086M (AvailPageFile size 6606M)
current process WorkingSet (physical memory assigned to process): 69M, peak: 69M
current process commit charge ("private bytes"): 165M, peak: 165M

vm_info: Java HotSpot(TM) 64-Bit Server VM (20.0.1+9-29) for windows-amd64 JRE (20.0.1+9-29), built on 2023-03-07T13:56:11Z by "mach5one" with MS VC++ 17.1 (VS2022)

END.
